

TimeCreated      : 4/21/2026 5:40:37 PM
LevelDisplayName : Information
ProviderName     : Service Control Manager
Id               : 7045
Message          : A service was installed in the system.
                   
                   Service Name:  ShadowStrike Phantom Service
                   Service File Name:  "C:\Program Files\ShadowStrike\Phantom\ShadowStrikePhantomService.exe"
                   Service Type:  kullançcç modu hizmet
                   Service Start Type:  otomatik baülatma
                   Service Account:  LocalSystem

TimeCreated      : 4/21/2026 5:40:23 PM
LevelDisplayName : Information
ProviderName     : Service Control Manager
Id               : 7040
Message          : The start type of the ShadowStrike PhantomSensor service was changed from isteße baßlç baülatma to 
                   devre dçüç.

TimeCreated      : 4/21/2026 5:40:23 PM
LevelDisplayName : Error
ProviderName     : Service Control Manager
Id               : 7031
Message          : The ShadowStrike Phantom Service service terminated unexpectedly.  It has done this 1 time(s).  The 
                   following corrective action will be taken in 60000 milliseconds: Hizmeti yeniden baülat.

TimeCreated      : 4/21/2026 5:34:05 PM
LevelDisplayName : Information
ProviderName     : Service Control Manager
Id               : 7040
Message          : The start type of the ShadowStrike PhantomSensor service was changed from devre dçüç to isteße 
                   baßlç baülatma.

TimeCreated      : 4/21/2026 5:34:04 PM
LevelDisplayName : Information
ProviderName     : Service Control Manager
Id               : 7045
Message          : A service was installed in the system.
                   
                   Service Name:  ShadowStrike Phantom Service
                   Service File Name:  "C:\Program Files\ShadowStrike\Phantom\ShadowStrikePhantomService.exe"
                   Service Type:  kullançcç modu hizmet
                   Service Start Type:  otomatik baülatma
                   Service Account:  LocalSystem

TimeCreated      : 4/21/2026 5:33:54 PM
LevelDisplayName : Information
ProviderName     : Service Control Manager
Id               : 7040
Message          : The start type of the ShadowStrike PhantomSensor service was changed from isteße baßlç baülatma to 
                   devre dçüç.

TimeCreated      : 4/21/2026 5:31:09 PM
LevelDisplayName : Error
ProviderName     : Service Control Manager
Id               : 7034
Message          : The ShadowStrike Phantom Service service terminated unexpectedly.  It has done this 1 time(s).

TimeCreated      : 4/21/2026 5:30:43 PM
LevelDisplayName : Information
ProviderName     : Service Control Manager
Id               : 7045
Message          : A service was installed in the system.
                   
                   Service Name:  ShadowStrike PhantomSensor
                   Service File Name:  \SystemRoot\System32\drivers\PhantomSensor.sys
                   Service Type:  áekirdek modu sÅrÅcÅ
                   Service Start Type:  isteße baßlç baülatma
                   Service Account:  

TimeCreated      : 4/21/2026 5:30:42 PM
LevelDisplayName : Information
ProviderName     : Service Control Manager
Id               : 7045
Message          : A service was installed in the system.
                   
                   Service Name:  ShadowStrike Phantom Service
                   Service File Name:  "C:\Program Files\ShadowStrike\Phantom\ShadowStrikePhantomService.exe"
                   Service Type:  kullançcç modu hizmet
                   Service Start Type:  otomatik baülatma
                   Service Account:  LocalSystem

TimeCreated      : 4/21/2026 5:30:00 PM
LevelDisplayName : Error
ProviderName     : Service Control Manager
Id               : 7000
Message          : The ShadowStrike Phantom Service service failed to start due to the following error: 
                   Operation did not complete successfully because the file contains a virus or potentially unwanted 
                   software.

TimeCreated      : 4/21/2026 5:29:59 PM
LevelDisplayName : Information
ProviderName     : Service Control Manager
Id               : 7045
Message          : A service was installed in the system.
                   
                   Service Name:  ShadowStrike Phantom Service
                   Service File Name:  "C:\Program Files\ShadowStrike\Phantom\ShadowStrikePhantomService.exe"
                   Service Type:  kullançcç modu hizmet
                   Service Start Type:  otomatik baülatma
                   Service Account:  LocalSystem

TimeCreated      : 4/21/2026 5:28:03 PM
LevelDisplayName : Information
ProviderName     : Service Control Manager
Id               : 7040
Message          : The start type of the ShadowStrike PhantomSensor service was changed from isteße baßlç baülatma to 
                   devre dçüç.

TimeCreated      : 4/21/2026 5:18:49 PM
LevelDisplayName : Information
ProviderName     : Service Control Manager
Id               : 7045
Message          : A service was installed in the system.
                   
                   Service Name:  ShadowStrike Phantom Service
                   Service File Name:  "C:\Program Files\ShadowStrike\Phantom\ShadowStrikePhantomService.exe"
                   Service Type:  kullançcç modu hizmet
                   Service Start Type:  otomatik baülatma
                   Service Account:  LocalSystem

TimeCreated      : 4/21/2026 4:30:18 PM
LevelDisplayName : Error
ProviderName     : Service Control Manager
Id               : 7034
Message          : The ShadowStrike Phantom Service service terminated unexpectedly.  It has done this 1 time(s).

TimeCreated      : 4/20/2026 11:49:56 PM
LevelDisplayName : Information
ProviderName     : Service Control Manager
Id               : 7045
Message          : A service was installed in the system.
                   
                   Service Name:  ShadowStrike Phantom Service
                   Service File Name:  "C:\Program Files\ShadowStrike\Phantom\ShadowStrikePhantomService.exe"
                   Service Type:  kullançcç modu hizmet
                   Service Start Type:  otomatik baülatma
                   Service Account:  LocalSystem

TimeCreated      : 4/20/2026 11:48:23 PM
LevelDisplayName : Error
ProviderName     : Service Control Manager
Id               : 7000
Message          : The ShadowStrike Phantom Service service failed to start due to the following error: 
                   Operation did not complete successfully because the file contains a virus or potentially unwanted 
                   software.

TimeCreated      : 4/20/2026 11:48:18 PM
LevelDisplayName : Error
ProviderName     : Service Control Manager
Id               : 7000
Message          : The ShadowStrike Phantom Service service failed to start due to the following error: 
                   Operation did not complete successfully because the file contains a virus or potentially unwanted 
                   software.



