

TimeCreated      : 4/21/2026 4:28:52 PM
LevelDisplayName : Information
ProviderName     : MsiInstaller
Id               : 1033
Message          : Windows Installer installed the product. Product Name: ShadowStrike Phantom Home. Product Version: 
                   1.0.0. Product Language: 1033. Manufacturer: ShadowStrike-Labs. Installation success or error 
                   status: 1603.

TimeCreated      : 4/21/2026 4:28:52 PM
LevelDisplayName : Information
ProviderName     : MsiInstaller
Id               : 11708
Message          : Product: ShadowStrike Phantom Home -- Installation failed.

TimeCreated      : 4/21/2026 4:28:52 PM
LevelDisplayName : Information
ProviderName     : MsiInstaller
Id               : 1042
Message          : Ending a Windows Installer transaction: Z:\PhantomSensor_shared\ShadowStrikePhantomHome.msi. Client 
                   Process Id: 9480.

TimeCreated      : 4/21/2026 4:28:50 PM
LevelDisplayName : Error
ProviderName     : MsiInstaller
Id               : 11921
Message          : Product: ShadowStrike Phantom Home -- Error 1921. Service 'ShadowStrike Phantom Service' 
                   (ShadowStrikePhantomService) could not be stopped.  Verify that you have sufficient privileges to 
                   stop system services.

TimeCreated      : 4/21/2026 4:24:28 PM
LevelDisplayName : Information
ProviderName     : MsiInstaller
Id               : 1040
Message          : Beginning a Windows Installer transaction: Z:\PhantomSensor_shared\ShadowStrikePhantomHome.msi. 
                   Client Process Id: 9480.

TimeCreated      : 4/20/2026 11:56:11 PM
LevelDisplayName : Error
ProviderName     : MsiInstaller
Id               : 11920
Message          : Product: ShadowStrike Phantom Home -- Error 1920. Service 'ShadowStrike Phantom Service' 
                   (ShadowStrikePhantomService) failed to start.  Verify that you have sufficient privileges to start 
                   system services.

TimeCreated      : 4/20/2026 11:49:53 PM
LevelDisplayName : Information
ProviderName     : MsiInstaller
Id               : 1040
Message          : Beginning a Windows Installer transaction: Z:\PhantomSensor_shared\ShadowStrikePhantomHome.msi. 
                   Client Process Id: 9164.

TimeCreated      : 4/20/2026 11:49:36 PM
LevelDisplayName : Information
ProviderName     : MsiInstaller
Id               : 1033
Message          : Windows Installer installed the product. Product Name: ShadowStrike Phantom Home. Product Version: 
                   1.0.0. Product Language: 1033. Manufacturer: ShadowStrike-Labs. Installation success or error 
                   status: 1603.

TimeCreated      : 4/20/2026 11:49:36 PM
LevelDisplayName : Information
ProviderName     : MsiInstaller
Id               : 11708
Message          : Product: ShadowStrike Phantom Home -- Installation failed.

TimeCreated      : 4/20/2026 11:49:36 PM
LevelDisplayName : Information
ProviderName     : MsiInstaller
Id               : 1042
Message          : Ending a Windows Installer transaction: Z:\PhantomSensor_shared\ShadowStrikePhantomHome.msi. Client 
                   Process Id: 2332.

TimeCreated      : 4/20/2026 11:49:34 PM
LevelDisplayName : Error
ProviderName     : MsiInstaller
Id               : 11920
Message          : Product: ShadowStrike Phantom Home -- Error 1920. Service 'ShadowStrike Phantom Service' 
                   (ShadowStrikePhantomService) failed to start.  Verify that you have sufficient privileges to start 
                   system services.

TimeCreated      : 4/20/2026 11:49:02 PM
LevelDisplayName : Error
ProviderName     : MsiInstaller
Id               : 11920
Message          : Product: ShadowStrike Phantom Home -- Error 1920. Service 'ShadowStrike Phantom Service' 
                   (ShadowStrikePhantomService) failed to start.  Verify that you have sufficient privileges to start 
                   system services.

TimeCreated      : 4/20/2026 11:48:03 PM
LevelDisplayName : Information
ProviderName     : MsiInstaller
Id               : 1040
Message          : Beginning a Windows Installer transaction: Z:\PhantomSensor_shared\ShadowStrikePhantomHome.msi. 
                   Client Process Id: 2332.

TimeCreated      : 3/21/2026 3:48:33 PM
LevelDisplayName : Information
ProviderName     : Windows Error Reporting
Id               : 1001
Message          : Fault bucket AV_PhantomSensor!unknown_function, type 0
                   Event Name: BlueScreen
                   Response: Kullançlamçyor
                   Cab Id: 36534255-09bc-41d7-b206-808bdd4a439e
                   
                   Problem signature:
                   P1: 3b
                   P2: c0000005
                   P3: fffff80511d8ef2b
                   P4: ffffe00426d46370
                   P5: 0
                   P6: 10_0_26200
                   P7: 0_0
                   P8: 768_1
                   P9: 
                   P10: 
                   
                   Attached files:
                   \\?\C:\WINDOWS\Minidump\032126-6390-01.dmp
                   \\?\C:\WINDOWS\SystemTemp\WER-6406-0.sysdata.xml
                   \\?\C:\ProgramData\Microsoft\Windows\WER\Temp\WER.5c16c781-2cd4-46ee-9ec2-f203ca6f05e7.tmp.WERIntern
                   alMetadata.xml
                   \\?\C:\ProgramData\Microsoft\Windows\WER\Temp\WER.24e38a02-6b69-42c6-b572-bc89a699c7ae.tmp.csv
                   \\?\C:\ProgramData\Microsoft\Windows\WER\Temp\WER.7afdef76-7858-46ee-a9be-fbbd6db3386f.tmp.txt
                   \\?\C:\ProgramData\Microsoft\Windows\WER\Temp\WER.cfae5891-5f1f-43f2-a327-3dd67a2bb02a.tmp.xml
                   \\?\C:\Windows\SystemTemp\WER.8bb483a4-8f12-47ba-89ef-e7ff3d649da1.tmp.WERDataCollectionStatus.txt
                   
                   These files may be available here:
                   \\?\C:\ProgramData\Microsoft\Windows\WER\ReportArchive\Kernel_3b_7abed03c6376babafa89e1925959d8636dd
                   334c_00000000_cab_733fc6fd-27ca-414b-a113-34313edd6fe0
                   
                   Analysis symbol: 
                   Rechecking for solution: 0
                   Report Id: 8b36f5e5-5148-4bd3-b715-316c94977c18
                   Report Status: 268435456
                   Hashed bucket: 
                   Cab Guid: 0



